        -:    0:Source:dominion.c
        -:    0:Graph:dominion.gcno
        -:    0:Data:dominion.gcda
        -:    0:Runs:29
        -:    0:Programs:14
        -:    1:#include "dominion.h"
        -:    2:#include "dominion_helpers.h"
        -:    3:#include "rngs.h"
        -:    4:#include <stdio.h>
        -:    5:#include <math.h>
        -:    6:#include <stdlib.h>
        -:    7:
function compare called 24945344 returned 100% blocks executed 100%
 24945344:    8:int compare(const void* a, const void* b) {
 24945344:    9:  if (*(int*)a > *(int*)b)
branch  0 taken 50% (fallthrough)
branch  1 taken 50%
 12526146:   10:    return 1;
 12419198:   11:  if (*(int*)a < *(int*)b)
branch  0 taken 47% (fallthrough)
branch  1 taken 53%
  5777031:   12:    return -1;
  6642167:   13:  return 0;
        -:   14:}
        -:   15:
function newGame called 0 returned 0% blocks executed 0%
    #####:   16:struct gameState* newGame() {
    #####:   17:  struct gameState* g = malloc(sizeof(struct gameState));
    #####:   18:  return g;
        -:   19:}
        -:   20:
function kingdomCards called 0 returned 0% blocks executed 0%
    #####:   21:int* kingdomCards(int k1, int k2, int k3, int k4, int k5, int k6, int k7,
        -:   22:		  int k8, int k9, int k10) {
    #####:   23:  int* k = malloc(10 * sizeof(int));
    #####:   24:  k[0] = k1;
    #####:   25:  k[1] = k2;
    #####:   26:  k[2] = k3;
    #####:   27:  k[3] = k4;
    #####:   28:  k[4] = k5;
    #####:   29:  k[5] = k6;
    #####:   30:  k[6] = k7;
    #####:   31:  k[7] = k8;
    #####:   32:  k[8] = k9;
    #####:   33:  k[9] = k10;
    #####:   34:  return k;
        -:   35:}
        -:   36:
function initializeGame called 0 returned 0% blocks executed 0%
    #####:   37:int initializeGame(int numPlayers, int kingdomCards[10], int randomSeed,
        -:   38:		   struct gameState *state) {
        -:   39:
        -:   40:  int i;
        -:   41:  int j;
        -:   42:  int it;			
        -:   43:  //set up random number generator
    #####:   44:  SelectStream(1);
call    0 never executed
    #####:   45:  PutSeed((long)randomSeed);
call    0 never executed
        -:   46:  
        -:   47:  //check number of players
    #####:   48:  if (numPlayers > MAX_PLAYERS || numPlayers < 2)
branch  0 never executed
branch  1 never executed
branch  2 never executed
branch  3 never executed
        -:   49:    {
    #####:   50:      return -1;
        -:   51:    }
        -:   52:
        -:   53:  //set number of players
    #####:   54:  state->numPlayers = numPlayers;
        -:   55:
        -:   56:  //check selected kingdom cards are different
    #####:   57:  for (i = 0; i < 10; i++)
branch  0 never executed
branch  1 never executed
        -:   58:    {
    #####:   59:      for (j = 0; j < 10; j++)
branch  0 never executed
branch  1 never executed
        -:   60:        {
    #####:   61:	  if (j != i && kingdomCards[j] == kingdomCards[i])
branch  0 never executed
branch  1 never executed
branch  2 never executed
branch  3 never executed
        -:   62:	    {
    #####:   63:	      return -1;
        -:   64:	    }
        -:   65:        }
        -:   66:    }
        -:   67:
        -:   68:
        -:   69:  //initialize supply
        -:   70:  ///////////////////////////////
        -:   71:
        -:   72:  //set number of Curse cards
    #####:   73:  if (numPlayers == 2)
branch  0 never executed
branch  1 never executed
        -:   74:    {
    #####:   75:      state->supplyCount[curse] = 10;
        -:   76:    }
    #####:   77:  else if (numPlayers == 3)
branch  0 never executed
branch  1 never executed
        -:   78:    {
    #####:   79:      state->supplyCount[curse] = 20;
        -:   80:    }
        -:   81:  else
        -:   82:    {
    #####:   83:      state->supplyCount[curse] = 30;
        -:   84:    }
        -:   85:
        -:   86:  //set number of Victory cards
    #####:   87:  if (numPlayers == 2)
branch  0 never executed
branch  1 never executed
        -:   88:    {
    #####:   89:      state->supplyCount[estate] = 8;
    #####:   90:      state->supplyCount[duchy] = 8;
    #####:   91:      state->supplyCount[province] = 8;
        -:   92:    }
        -:   93:  else
        -:   94:    {
    #####:   95:      state->supplyCount[estate] = 12;
    #####:   96:      state->supplyCount[duchy] = 12;
    #####:   97:      state->supplyCount[province] = 12;
        -:   98:    }
        -:   99:
        -:  100:  //set number of Treasure cards
    #####:  101:  state->supplyCount[copper] = 60 - (7 * numPlayers);
    #####:  102:  state->supplyCount[silver] = 40;
    #####:  103:  state->supplyCount[gold] = 30;
        -:  104:
        -:  105:  //set number of Kingdom cards
    #####:  106:  for (i = adventurer; i <= treasure_map; i++)       	//loop all cards
branch  0 never executed
branch  1 never executed
        -:  107:    {
    #####:  108:      for (j = 0; j < 10; j++)           		//loop chosen cards
branch  0 never executed
branch  1 never executed
        -:  109:	{
    #####:  110:	  if (kingdomCards[j] == i)
branch  0 never executed
branch  1 never executed
        -:  111:	    {
        -:  112:	      //check if card is a 'Victory' Kingdom card
    #####:  113:	      if (kingdomCards[j] == great_hall || kingdomCards[j] == gardens)
branch  0 never executed
branch  1 never executed
branch  2 never executed
branch  3 never executed
        -:  114:		{
    #####:  115:		  if (numPlayers == 2){ 
branch  0 never executed
branch  1 never executed
    #####:  116:		    state->supplyCount[i] = 8; 
        -:  117:		  }
    #####:  118:		  else{ state->supplyCount[i] = 12; }
        -:  119:		}
        -:  120:	      else
        -:  121:		{
    #####:  122:		  state->supplyCount[i] = 10;
        -:  123:		}
    #####:  124:	      break;
        -:  125:	    }
        -:  126:	  else    //card is not in the set choosen for the game
        -:  127:	    {
    #####:  128:	      state->supplyCount[i] = -1;
        -:  129:	    }
        -:  130:	}
        -:  131:
        -:  132:    }
        -:  133:
        -:  134:  ////////////////////////
        -:  135:  //supply intilization complete
        -:  136:
        -:  137:  //set player decks
    #####:  138:  for (i = 0; i < numPlayers; i++)
branch  0 never executed
branch  1 never executed
        -:  139:    {
    #####:  140:      state->deckCount[i] = 0;
    #####:  141:      for (j = 0; j < 3; j++)
branch  0 never executed
branch  1 never executed
        -:  142:	{
    #####:  143:	  state->deck[i][j] = estate;
    #####:  144:	  state->deckCount[i]++;
        -:  145:	}
    #####:  146:      for (j = 3; j < 10; j++)
branch  0 never executed
branch  1 never executed
        -:  147:	{
    #####:  148:	  state->deck[i][j] = copper;
    #####:  149:	  state->deckCount[i]++;		
        -:  150:	}
        -:  151:    }
        -:  152:
        -:  153:  //shuffle player decks
    #####:  154:  for (i = 0; i < numPlayers; i++)
branch  0 never executed
branch  1 never executed
        -:  155:    {
    #####:  156:      if ( shuffle(i, state) < 0 )
call    0 never executed
branch  1 never executed
branch  2 never executed
        -:  157:	{
    #####:  158:	  return -1;
        -:  159:	}
        -:  160:    }
        -:  161:
        -:  162:  //draw player hands
    #####:  163:  for (i = 0; i < numPlayers; i++)
branch  0 never executed
branch  1 never executed
        -:  164:    {  
        -:  165:      //initialize hand size to zero
    #####:  166:      state->handCount[i] = 0;
    #####:  167:      state->discardCount[i] = 0;
        -:  168:      //draw 5 cards
        -:  169:      // for (j = 0; j < 5; j++)
        -:  170:      //	{
        -:  171:      //	  drawCard(i, state);
        -:  172:      //	}
        -:  173:    }
        -:  174:  
        -:  175:  //set embargo tokens to 0 for all supply piles
    #####:  176:  for (i = 0; i <= treasure_map; i++)
branch  0 never executed
branch  1 never executed
        -:  177:    {
    #####:  178:      state->embargoTokens[i] = 0;
        -:  179:    }
        -:  180:
        -:  181:  //initialize first player's turn
    #####:  182:  state->outpostPlayed = 0;
    #####:  183:  state->phase = 0;
    #####:  184:  state->numActions = 1;
    #####:  185:  state->numBuys = 1;
    #####:  186:  state->playedCardCount = 0;
    #####:  187:  state->whoseTurn = 0;
    #####:  188:  state->handCount[state->whoseTurn] = 0;
        -:  189:  //int it; move to top
        -:  190:
        -:  191:  //Moved draw cards to here, only drawing at the start of a turn
    #####:  192:  for (it = 0; it < 5; it++){
branch  0 never executed
branch  1 never executed
    #####:  193:    drawCard(state->whoseTurn, state);
call    0 never executed
        -:  194:  }
        -:  195:
    #####:  196:  updateCoins(state->whoseTurn, state, 0);
call    0 never executed
        -:  197:
    #####:  198:  return 0;
        -:  199:}
        -:  200:
function shuffle called 29237 returned 100% blocks executed 100%
    29237:  201:int shuffle(int player, struct gameState *state) {
        -:  202: 
        -:  203:
        -:  204:  int newDeck[MAX_DECK];
    29237:  205:  int newDeckPos = 0;
        -:  206:  int card;
        -:  207:  int i;
        -:  208:
    29237:  209:  if (state->deckCount[player] < 1)
branch  0 taken 51% (fallthrough)
branch  1 taken 49%
    14832:  210:    return -1;
    14405:  211:  qsort ((void*)(state->deck[player]), state->deckCount[player], sizeof(int), compare); 
call    0 returned 100%
        -:  212:  /* SORT CARDS IN DECK TO ENSURE DETERMINISM! */
        -:  213:
  3610427:  214:  while (state->deckCount[player] > 0) {
branch  0 taken 99%
branch  1 taken 1% (fallthrough)
  3581617:  215:    card = floor(Random() * state->deckCount[player]);
call    0 returned 100%
  3581617:  216:    newDeck[newDeckPos] = state->deck[player][card];
  3581617:  217:    newDeckPos++;
300619038:  218:    for (i = card; i < state->deckCount[player]-1; i++) {
branch  0 taken 99%
branch  1 taken 1% (fallthrough)
297037421:  219:      state->deck[player][i] = state->deck[player][i+1];
        -:  220:    }
  3581617:  221:    state->deckCount[player]--;
        -:  222:  }
  3596022:  223:  for (i = 0; i < newDeckPos; i++) {
branch  0 taken 99%
branch  1 taken 1% (fallthrough)
  3581617:  224:    state->deck[player][i] = newDeck[i];
  3581617:  225:    state->deckCount[player]++;
        -:  226:  }
        -:  227:
    14405:  228:  return 0;
        -:  229:}
        -:  230:
function playCard called 0 returned 0% blocks executed 0%
    #####:  231:int playCard(int handPos, int choice1, int choice2, int choice3, struct gameState *state) 
        -:  232:{	
        -:  233:  int card;
    #####:  234:  int coin_bonus = 0; 		//tracks coins gain from actions
        -:  235:
        -:  236:  //check if it is the right phase
    #####:  237:  if (state->phase != 0)
branch  0 never executed
branch  1 never executed
        -:  238:    {
    #####:  239:      return -1;
        -:  240:    }
        -:  241:	
        -:  242:  //check if player has enough actions
    #####:  243:  if ( state->numActions < 1 )
branch  0 never executed
branch  1 never executed
        -:  244:    {
    #####:  245:      return -1;
        -:  246:    }
        -:  247:	
        -:  248:  //get card played
    #####:  249:  card = handCard(handPos, state);
call    0 never executed
        -:  250:	
        -:  251:  //check if selected card is an action
    #####:  252:  if ( card < adventurer || card > treasure_map )
branch  0 never executed
branch  1 never executed
branch  2 never executed
branch  3 never executed
        -:  253:    {
    #####:  254:      return -1;
        -:  255:    }
        -:  256:	
        -:  257:  //play card
    #####:  258:  if ( cardEffect(card, choice1, choice2, choice3, state, handPos, &coin_bonus) < 0 )
call    0 never executed
branch  1 never executed
branch  2 never executed
        -:  259:    {
    #####:  260:      return -1;
        -:  261:    }
        -:  262:	
        -:  263:  //reduce number of actions
    #####:  264:  state->numActions--;
        -:  265:
        -:  266:  //update coins (Treasure cards may be added with card draws)
    #####:  267:  updateCoins(state->whoseTurn, state, coin_bonus);
call    0 never executed
        -:  268:	
    #####:  269:  return 0;
        -:  270:}
        -:  271:
function buyCard called 0 returned 0% blocks executed 0%
    #####:  272:int buyCard(int supplyPos, struct gameState *state) {
        -:  273:  int who;
        -:  274:  if (DEBUG){
        -:  275:    printf("Entering buyCard...\n");
        -:  276:  }
        -:  277:
        -:  278:  // I don't know what to do about the phase thing.
        -:  279:
    #####:  280:  who = state->whoseTurn;
        -:  281:
    #####:  282:  if (state->numBuys < 1){
branch  0 never executed
branch  1 never executed
        -:  283:    if (DEBUG)
        -:  284:      printf("You do not have any buys left\n");
    #####:  285:    return -1;
    #####:  286:  } else if (supplyCount(supplyPos, state) <1){
call    0 never executed
branch  1 never executed
branch  2 never executed
        -:  287:    if (DEBUG)
        -:  288:      printf("There are not any of that type of card left\n");
    #####:  289:    return -1;
    #####:  290:  } else if (state->coins < getCost(supplyPos)){
call    0 never executed
branch  1 never executed
branch  2 never executed
        -:  291:    if (DEBUG) 
        -:  292:      printf("You do not have enough money to buy that. You have %d coins.\n", state->coins);
    #####:  293:    return -1;
        -:  294:  } else {
    #####:  295:    state->phase=1;
        -:  296:    //state->supplyCount[supplyPos]--;
    #####:  297:    gainCard(supplyPos, state, 0, who); //card goes in discard, this might be wrong.. (2 means goes into hand, 0 goes into discard)
call    0 never executed
        -:  298:  
    #####:  299:    state->coins = (state->coins) - (getCost(supplyPos));
call    0 never executed
    #####:  300:    state->numBuys--;
        -:  301:    if (DEBUG)
        -:  302:      printf("You bought card number %d for %d coins. You now have %d buys and %d coins.\n", supplyPos, getCost(supplyPos), state->numBuys, state->coins);
        -:  303:  }
        -:  304:
        -:  305:  //state->discard[who][state->discardCount[who]] = supplyPos;
        -:  306:  //state->discardCount[who]++;
        -:  307:    
    #####:  308:  return 0;
        -:  309:}
        -:  310:
function numHandCards called 0 returned 0% blocks executed 0%
    #####:  311:int numHandCards(struct gameState *state) {
    #####:  312:  return state->handCount[ whoseTurn(state) ];
call    0 never executed
        -:  313:}
        -:  314:
function handCard called 0 returned 0% blocks executed 0%
    #####:  315:int handCard(int handPos, struct gameState *state) {
    #####:  316:  int currentPlayer = whoseTurn(state);
call    0 never executed
    #####:  317:  return state->hand[currentPlayer][handPos];
        -:  318:}
        -:  319:
function supplyCount called 0 returned 0% blocks executed 0%
    #####:  320:int supplyCount(int card, struct gameState *state) {
    #####:  321:  return state->supplyCount[card];
        -:  322:}
        -:  323:
function fullDeckCount called 0 returned 0% blocks executed 0%
    #####:  324:int fullDeckCount(int player, int card, struct gameState *state) {
        -:  325:  int i;
    #####:  326:  int count = 0;
        -:  327:
    #####:  328:  for (i = 0; i < state->deckCount[player]; i++)
branch  0 never executed
branch  1 never executed
        -:  329:    {
    #####:  330:      if (state->deck[player][i] == card) count++;
branch  0 never executed
branch  1 never executed
        -:  331:    }
        -:  332:
    #####:  333:  for (i = 0; i < state->handCount[player]; i++)
branch  0 never executed
branch  1 never executed
        -:  334:    {
    #####:  335:      if (state->hand[player][i] == card) count++;
branch  0 never executed
branch  1 never executed
        -:  336:    }
        -:  337:
    #####:  338:  for (i = 0; i < state->discardCount[player]; i++)
branch  0 never executed
branch  1 never executed
        -:  339:    {
    #####:  340:      if (state->discard[player][i] == card) count++;
branch  0 never executed
branch  1 never executed
        -:  341:    }
        -:  342:
    #####:  343:  return count;
        -:  344:}
        -:  345:
function whoseTurn called 0 returned 0% blocks executed 0%
    #####:  346:int whoseTurn(struct gameState *state) {
    #####:  347:  return state->whoseTurn;
        -:  348:}
        -:  349:
function endTurn called 0 returned 0% blocks executed 0%
    #####:  350:int endTurn(struct gameState *state) {
        -:  351:  int k;
        -:  352:  int i;
    #####:  353:  int currentPlayer = whoseTurn(state);
call    0 never executed
        -:  354:  
        -:  355:  //Discard hand
    #####:  356:  for (i = 0; i < state->handCount[currentPlayer]; i++){
branch  0 never executed
branch  1 never executed
    #####:  357:    state->discard[currentPlayer][state->discardCount[currentPlayer]++] = state->hand[currentPlayer][i];//Discard
    #####:  358:    state->hand[currentPlayer][i] = -1;//Set card to -1
        -:  359:  }
    #####:  360:  state->handCount[currentPlayer] = 0;//Reset hand count
        -:  361:    
        -:  362:  //Code for determining the player
    #####:  363:  if (currentPlayer < (state->numPlayers - 1)){ 
branch  0 never executed
branch  1 never executed
    #####:  364:    state->whoseTurn = currentPlayer + 1;//Still safe to increment
        -:  365:  }
        -:  366:  else{
    #####:  367:    state->whoseTurn = 0;//Max player has been reached, loop back around to player 1
        -:  368:  }
        -:  369:
    #####:  370:  state->outpostPlayed = 0;
    #####:  371:  state->phase = 0;
    #####:  372:  state->numActions = 1;
    #####:  373:  state->coins = 0;
    #####:  374:  state->numBuys = 1;
    #####:  375:  state->playedCardCount = 0;
    #####:  376:  state->handCount[state->whoseTurn] = 0;
        -:  377:
        -:  378:  //int k; move to top
        -:  379:  //Next player draws hand
    #####:  380:  for (k = 0; k < 5; k++){
branch  0 never executed
branch  1 never executed
    #####:  381:    drawCard(state->whoseTurn, state);//Draw a card
call    0 never executed
        -:  382:  }
        -:  383:
        -:  384:  //Update money
    #####:  385:  updateCoins(state->whoseTurn, state , 0);
call    0 never executed
        -:  386:
    #####:  387:  return 0;
        -:  388:}
        -:  389:
function isGameOver called 0 returned 0% blocks executed 0%
    #####:  390:int isGameOver(struct gameState *state) {
        -:  391:  int i;
        -:  392:  int j;
        -:  393:	
        -:  394:  //if stack of Province cards is empty, the game ends
    #####:  395:  if (state->supplyCount[province] == 0)
branch  0 never executed
branch  1 never executed
        -:  396:    {
    #####:  397:      return 1;
        -:  398:    }
        -:  399:
        -:  400:  //if three supply pile are at 0, the game ends
    #####:  401:  j = 0;
    #####:  402:  for (i = 0; i < 25; i++)
branch  0 never executed
branch  1 never executed
        -:  403:    {
    #####:  404:      if (state->supplyCount[i] == 0)
branch  0 never executed
branch  1 never executed
        -:  405:	{
    #####:  406:	  j++;
        -:  407:	}
        -:  408:    }
    #####:  409:  if ( j >= 3)
branch  0 never executed
branch  1 never executed
        -:  410:    {
    #####:  411:      return 1;
        -:  412:    }
        -:  413:
    #####:  414:  return 0;
        -:  415:}
        -:  416:
function scoreFor called 0 returned 0% blocks executed 0%
    #####:  417:int scoreFor (int player, struct gameState *state) {
        -:  418:
        -:  419:  int i;
    #####:  420:  int score = 0;
        -:  421:  //score from hand
    #####:  422:  for (i = 0; i < state->handCount[player]; i++)
branch  0 never executed
branch  1 never executed
        -:  423:    {
    #####:  424:      if (state->hand[player][i] == curse) { score = score - 1; };
branch  0 never executed
branch  1 never executed
    #####:  425:      if (state->hand[player][i] == estate) { score = score + 1; };
branch  0 never executed
branch  1 never executed
    #####:  426:      if (state->hand[player][i] == duchy) { score = score + 3; };
branch  0 never executed
branch  1 never executed
    #####:  427:      if (state->hand[player][i] == province) { score = score + 6; };
branch  0 never executed
branch  1 never executed
    #####:  428:      if (state->hand[player][i] == great_hall) { score = score + 1; };
branch  0 never executed
branch  1 never executed
    #####:  429:      if (state->hand[player][i] == gardens) { score = score + ( fullDeckCount(player, 0, state) / 10 ); };
branch  0 never executed
branch  1 never executed
call    2 never executed
        -:  430:    }
        -:  431:
        -:  432:  //score from discard
    #####:  433:  for (i = 0; i < state->discardCount[player]; i++)
branch  0 never executed
branch  1 never executed
        -:  434:    {
    #####:  435:      if (state->discard[player][i] == curse) { score = score - 1; };
branch  0 never executed
branch  1 never executed
    #####:  436:      if (state->discard[player][i] == estate) { score = score + 1; };
branch  0 never executed
branch  1 never executed
    #####:  437:      if (state->discard[player][i] == duchy) { score = score + 3; };
branch  0 never executed
branch  1 never executed
    #####:  438:      if (state->discard[player][i] == province) { score = score + 6; };
branch  0 never executed
branch  1 never executed
    #####:  439:      if (state->discard[player][i] == great_hall) { score = score + 1; };
branch  0 never executed
branch  1 never executed
    #####:  440:      if (state->discard[player][i] == gardens) { score = score + ( fullDeckCount(player, 0, state) / 10 ); };
branch  0 never executed
branch  1 never executed
call    2 never executed
        -:  441:    }
        -:  442:
        -:  443:  //score from deck
    #####:  444:  for (i = 0; i < state->discardCount[player]; i++)
branch  0 never executed
branch  1 never executed
        -:  445:    {
    #####:  446:      if (state->deck[player][i] == curse) { score = score - 1; };
branch  0 never executed
branch  1 never executed
    #####:  447:      if (state->deck[player][i] == estate) { score = score + 1; };
branch  0 never executed
branch  1 never executed
    #####:  448:      if (state->deck[player][i] == duchy) { score = score + 3; };
branch  0 never executed
branch  1 never executed
    #####:  449:      if (state->deck[player][i] == province) { score = score + 6; };
branch  0 never executed
branch  1 never executed
    #####:  450:      if (state->deck[player][i] == great_hall) { score = score + 1; };
branch  0 never executed
branch  1 never executed
    #####:  451:      if (state->deck[player][i] == gardens) { score = score + ( fullDeckCount(player, 0, state) / 10 ); };
branch  0 never executed
branch  1 never executed
call    2 never executed
        -:  452:    }
        -:  453:
    #####:  454:  return score;
        -:  455:}
        -:  456:
function getWinners called 0 returned 0% blocks executed 0%
    #####:  457:int getWinners(int players[MAX_PLAYERS], struct gameState *state) {
        -:  458:  int i;	
        -:  459:  int j;
        -:  460:  int highScore;
        -:  461:  int currentPlayer;
        -:  462:
        -:  463:  //get score for each player
    #####:  464:  for (i = 0; i < MAX_PLAYERS; i++)
branch  0 never executed
branch  1 never executed
        -:  465:    {
        -:  466:      //set unused player scores to -9999
    #####:  467:      if (i >= state->numPlayers)
branch  0 never executed
branch  1 never executed
        -:  468:	{
    #####:  469:	  players[i] = -9999;
        -:  470:	}
        -:  471:      else
        -:  472:	{
    #####:  473:	  players[i] = scoreFor (i, state);
call    0 never executed
        -:  474:	}
        -:  475:    }
        -:  476:
        -:  477:  //find highest score
    #####:  478:  j = 0;
    #####:  479:  for (i = 0; i < MAX_PLAYERS; i++)
branch  0 never executed
branch  1 never executed
        -:  480:    {
    #####:  481:      if (players[i] > players[j])
branch  0 never executed
branch  1 never executed
        -:  482:	{
    #####:  483:	  j = i;
        -:  484:	}
        -:  485:    }
    #####:  486:  highScore = players[j];
        -:  487:
        -:  488:  //add 1 to players who had less turns
    #####:  489:  currentPlayer = whoseTurn(state);
call    0 never executed
    #####:  490:  for (i = 0; i < MAX_PLAYERS; i++)
branch  0 never executed
branch  1 never executed
        -:  491:    {
    #####:  492:      if ( players[i] == highScore && i > currentPlayer )
branch  0 never executed
branch  1 never executed
branch  2 never executed
branch  3 never executed
        -:  493:	{
    #####:  494:	  players[i]++;
        -:  495:	}
        -:  496:    }
        -:  497:
        -:  498:  //find new highest score
    #####:  499:  j = 0;
    #####:  500:  for (i = 0; i < MAX_PLAYERS; i++)
branch  0 never executed
branch  1 never executed
        -:  501:    {
    #####:  502:      if ( players[i] > players[j] )
branch  0 never executed
branch  1 never executed
        -:  503:	{
    #####:  504:	  j = i;
        -:  505:	}
        -:  506:    }
    #####:  507:  highScore = players[j];
        -:  508:
        -:  509:  //set winners in array to 1 and rest to 0
    #####:  510:  for (i = 0; i < MAX_PLAYERS; i++)
branch  0 never executed
branch  1 never executed
        -:  511:    {
    #####:  512:      if ( players[i] == highScore )
branch  0 never executed
branch  1 never executed
        -:  513:	{
    #####:  514:	  players[i] = 1;
        -:  515:	}
        -:  516:      else
        -:  517:	{
    #####:  518:	  players[i] = 0;
        -:  519:	}
        -:  520:    }
        -:  521:
    #####:  522:  return 0;
        -:  523:}
        -:  524:
function drawCard called 2400954 returned 100% blocks executed 100%
  2400954:  525:int drawCard(int player, struct gameState *state)
        -:  526:{	int count;
        -:  527:  int deckCounter;
  2400954:  528:  if (state->deckCount[player] <= 0){//Deck is empty
branch  0 taken 1% (fallthrough)
branch  1 taken 99%
        -:  529:    
        -:  530:    //Step 1 Shuffle the discard pile back into a deck
        -:  531:    int i;
        -:  532:    //Move discard to deck
  3596520:  533:    for (i = 0; i < state->discardCount[player];i++){
branch  0 taken 99%
branch  1 taken 1% (fallthrough)
  3581617:  534:      state->deck[player][i] = state->discard[player][i];
  3581617:  535:      state->discard[player][i] = -1;
        -:  536:    }
        -:  537:
    14903:  538:    state->deckCount[player] = state->discardCount[player];
    14903:  539:    state->discardCount[player] = 0;//Reset discard
        -:  540:
        -:  541:    //Shufffle the deck
    14903:  542:    shuffle(player, state);//Shuffle the deck up and make it so that we can draw
call    0 returned 100%
        -:  543:   
        -:  544:    if (DEBUG){//Debug statements
        -:  545:      printf("Deck count now: %d\n", state->deckCount[player]);
        -:  546:    }
        -:  547:    
    14903:  548:    state->discardCount[player] = 0;
        -:  549:
        -:  550:    //Step 2 Draw Card
    14903:  551:    count = state->handCount[player];//Get current player's hand count
        -:  552:    
        -:  553:    if (DEBUG){//Debug statements
        -:  554:      printf("Current hand count: %d\n", count);
        -:  555:    }
        -:  556:    
    14903:  557:    deckCounter = state->deckCount[player];//Create a holder for the deck count
        -:  558:
    14903:  559:    if (deckCounter == 0)
branch  0 taken 3% (fallthrough)
branch  1 taken 97%
      498:  560:      return -1;
        -:  561:
    14405:  562:    state->hand[player][count] = state->deck[player][deckCounter - 1];//Add card to hand
    14405:  563:    state->deckCount[player]--;
    14405:  564:    state->handCount[player]++;//Increment hand count
        -:  565:  }
        -:  566:
        -:  567:  else{
  2386051:  568:    int count = state->handCount[player];//Get current hand count for player
        -:  569:    int deckCounter;
        -:  570:    if (DEBUG){//Debug statements
        -:  571:      printf("Current hand count: %d\n", count);
        -:  572:    }
        -:  573:
  2386051:  574:    deckCounter = state->deckCount[player];//Create holder for the deck count
  2386051:  575:    state->hand[player][count] = state->deck[player][deckCounter - 1];//Add card to the hand
  2386051:  576:    state->deckCount[player]--;
  2386051:  577:    state->handCount[player]++;//Increment hand count
        -:  578:  }
        -:  579:
  2400456:  580:  return 0;
        -:  581:}
        -:  582:
function getCost called 0 returned 0% blocks executed 0%
    #####:  583:int getCost(int cardNumber)
        -:  584:{
    #####:  585:  switch( cardNumber ) 
branch  0 never executed
branch  1 never executed
branch  2 never executed
branch  3 never executed
branch  4 never executed
branch  5 never executed
branch  6 never executed
branch  7 never executed
branch  8 never executed
branch  9 never executed
branch 10 never executed
branch 11 never executed
branch 12 never executed
branch 13 never executed
branch 14 never executed
branch 15 never executed
branch 16 never executed
branch 17 never executed
branch 18 never executed
branch 19 never executed
branch 20 never executed
branch 21 never executed
branch 22 never executed
branch 23 never executed
branch 24 never executed
branch 25 never executed
branch 26 never executed
branch 27 never executed
        -:  586:    {
        -:  587:    case curse:
    #####:  588:      return 0;
        -:  589:    case estate:
    #####:  590:      return 2;
        -:  591:    case duchy:
    #####:  592:      return 5;
        -:  593:    case province:
    #####:  594:      return 8;
        -:  595:    case copper:
    #####:  596:      return 0;
        -:  597:    case silver:
    #####:  598:      return 3;
        -:  599:    case gold:
    #####:  600:      return 6;
        -:  601:    case adventurer:
    #####:  602:      return 6;
        -:  603:    case council_room:
    #####:  604:      return 5;
        -:  605:    case feast:
    #####:  606:      return 4;
        -:  607:    case gardens:
    #####:  608:      return 4;
        -:  609:    case mine:
    #####:  610:      return 5;
        -:  611:    case remodel:
    #####:  612:      return 4;
        -:  613:    case smithy:
    #####:  614:      return 4;
        -:  615:    case village:
    #####:  616:      return 3;
        -:  617:    case baron:
    #####:  618:      return 4;
        -:  619:    case great_hall:
    #####:  620:      return 3;
        -:  621:    case minion:
    #####:  622:      return 5;
        -:  623:    case steward:
    #####:  624:      return 3;
        -:  625:    case tribute:
    #####:  626:      return 5;
        -:  627:    case ambassador:
    #####:  628:      return 3;
        -:  629:    case cutpurse:
    #####:  630:      return 4;
        -:  631:    case embargo: 
    #####:  632:      return 2;
        -:  633:    case outpost:
    #####:  634:      return 5;
        -:  635:    case salvager:
    #####:  636:      return 4;
        -:  637:    case sea_hag:
    #####:  638:      return 4;
        -:  639:    case treasure_map:
    #####:  640:      return 4;
        -:  641:    }
        -:  642:	
    #####:  643:  return -1;
        -:  644:}
        -:  645:
function cardEffect called 0 returned 0% blocks executed 0%
    #####:  646:int cardEffect(int card, int choice1, int choice2, int choice3, struct gameState *state, int handPos, int *bonus)
        -:  647:{
        -:  648:  int i;
        -:  649:  int j;
        -:  650:  int k;
        -:  651:  int x;
        -:  652:  int index;
    #####:  653:  int currentPlayer = whoseTurn(state);
call    0 never executed
    #####:  654:  int nextPlayer = currentPlayer + 1;
        -:  655:
    #####:  656:  int tributeRevealedCards[2] = {-1, -1};
        -:  657:  int temphand[MAX_HAND];// moved above the if statement
    #####:  658:  if (nextPlayer > (state->numPlayers - 1)){
branch  0 never executed
branch  1 never executed
    #####:  659:    nextPlayer = 0;
        -:  660:  }
        -:  661:  
        -:  662:	
        -:  663:  //uses switch to select card and perform actions
    #####:  664:  switch( card ) 
branch  0 never executed
branch  1 never executed
branch  2 never executed
branch  3 never executed
branch  4 never executed
branch  5 never executed
branch  6 never executed
branch  7 never executed
branch  8 never executed
branch  9 never executed
branch 10 never executed
branch 11 never executed
branch 12 never executed
branch 13 never executed
branch 14 never executed
branch 15 never executed
branch 16 never executed
branch 17 never executed
branch 18 never executed
branch 19 never executed
branch 20 never executed
        -:  665:    {
        -:  666:    case adventurer:
    #####:  667:      return cardEffectAdventurer(currentPlayer,state, handPos); 
call    0 never executed
        -:  668:			
        -:  669:    case council_room:
        -:  670:      //+4 Cards
    #####:  671:      for (i = 0; i < 4; i++)
branch  0 never executed
branch  1 never executed
        -:  672:	{
    #####:  673:	  drawCard(currentPlayer, state);
call    0 never executed
        -:  674:	}
        -:  675:			
        -:  676:      //+1 Buy
    #####:  677:      state->numBuys++;
        -:  678:			
        -:  679:      //Each other player draws a card
    #####:  680:      for (i = 0; i < state->numPlayers; i++)
branch  0 never executed
branch  1 never executed
        -:  681:	{
    #####:  682:	  if ( i != currentPlayer )
branch  0 never executed
branch  1 never executed
        -:  683:	    {
    #####:  684:	      drawCard(i, state);
call    0 never executed
        -:  685:	    }
        -:  686:	}
        -:  687:			
        -:  688:      //put played card in played card pile
    #####:  689:      discardCard(handPos, currentPlayer, state, 0);
call    0 never executed
        -:  690:			
    #####:  691:      return 0;
        -:  692:			
        -:  693:    case feast:
        -:  694:      //gain card with cost up to 5
        -:  695:      //Backup hand
    #####:  696:      for (i = 0; i <= state->handCount[currentPlayer]; i++){
branch  0 never executed
branch  1 never executed
    #####:  697:	temphand[i] = state->hand[currentPlayer][i];//Backup card
    #####:  698:	state->hand[currentPlayer][i] = -1;//Set to nothing
        -:  699:      }
        -:  700:      //Backup hand
        -:  701:
        -:  702:      //Update Coins for Buy
    #####:  703:      updateCoins(currentPlayer, state, 5);
call    0 never executed
    #####:  704:      x = 1;//Condition to loop on
    #####:  705:      while( x == 1) {//Buy one card
branch  0 never executed
branch  1 never executed
    #####:  706:	if (supplyCount(choice1, state) <= 0){
call    0 never executed
branch  1 never executed
branch  2 never executed
        -:  707:	  if (DEBUG)
        -:  708:	    printf("None of that card left, sorry!\n");
        -:  709:
        -:  710:	  if (DEBUG){
        -:  711:	    printf("Cards Left: %d\n", supplyCount(choice1, state));
        -:  712:	  }
        -:  713:	}
    #####:  714:	else if (state->coins < getCost(choice1)){
call    0 never executed
branch  1 never executed
branch  2 never executed
    #####:  715:	  printf("That card is too expensive!\n");
call    0 never executed
        -:  716:
        -:  717:	  if (DEBUG){
        -:  718:	    printf("Coins: %d < %d\n", state->coins, getCost(choice1));
        -:  719:	  }
        -:  720:	}
        -:  721:	else{
        -:  722:
        -:  723:	  if (DEBUG){
        -:  724:	    printf("Deck Count: %d\n", state->handCount[currentPlayer] + state->deckCount[currentPlayer] + state->discardCount[currentPlayer]);
        -:  725:	  }
        -:  726:
    #####:  727:	  gainCard(choice1, state, 0, currentPlayer);//Gain the card
call    0 never executed
    #####:  728:	  x = 0;//No more buying cards
        -:  729:
        -:  730:	  if (DEBUG){
        -:  731:	    printf("Deck Count: %d\n", state->handCount[currentPlayer] + state->deckCount[currentPlayer] + state->discardCount[currentPlayer]);
        -:  732:	  }
        -:  733:
        -:  734:	}
        -:  735:      }     
        -:  736:
        -:  737:      //Reset Hand
    #####:  738:      for (i = 0; i <= state->handCount[currentPlayer]; i++){
branch  0 never executed
branch  1 never executed
    #####:  739:	state->hand[currentPlayer][i] = temphand[i];
    #####:  740:	temphand[i] = -1;
        -:  741:      }
        -:  742:      //Reset Hand
        -:  743:      			
    #####:  744:      return 0;
        -:  745:			
        -:  746:    case gardens:
    #####:  747:      return -1;
        -:  748:			
        -:  749:    case mine:
    #####:  750:      return cardEffectMine(currentPlayer, state, choice1, choice2, handPos);
call    0 never executed
        -:  751:			
        -:  752:    case remodel:
    #####:  753:      return cardEffectRemodel(currentPlayer, state, choice1, choice2, handPos);
call    0 never executed
        -:  754:		
        -:  755:    case smithy:
    #####:  756:      return cardEffectSmithy(currentPlayer, state, handPos);
call    0 never executed
        -:  757:		
        -:  758:    case village:
    #####:  759:      return cardEffectVillage(currentPlayer, state, handPos);
call    0 never executed
        -:  760:		
        -:  761:    case baron:
    #####:  762:      state->numBuys++;//Increase buys by 1!
    #####:  763:      if (choice1 > 0){//Boolean true or going to discard an estate
branch  0 never executed
branch  1 never executed
    #####:  764:	int p = 0;//Iterator for hand!
    #####:  765:	int card_not_discarded = 1;//Flag for discard set!
    #####:  766:	while(card_not_discarded){
branch  0 never executed
branch  1 never executed
    #####:  767:	  if (state->hand[currentPlayer][p] == estate){//Found an estate card!
branch  0 never executed
branch  1 never executed
    #####:  768:	    state->coins += 4;//Add 4 coins to the amount of coins
    #####:  769:	    state->discard[currentPlayer][state->discardCount[currentPlayer]] = state->hand[currentPlayer][p];
    #####:  770:	    state->discardCount[currentPlayer]++;
    #####:  771:	    for (;p < state->handCount[currentPlayer]; p++){
branch  0 never executed
branch  1 never executed
    #####:  772:	      state->hand[currentPlayer][p] = state->hand[currentPlayer][p+1];
        -:  773:	    }
    #####:  774:	    state->hand[currentPlayer][state->handCount[currentPlayer]] = -1;
    #####:  775:	    state->handCount[currentPlayer]--;
    #####:  776:	    card_not_discarded = 0;//Exit the loop
        -:  777:	  }
    #####:  778:	  else if (p > state->handCount[currentPlayer]){
branch  0 never executed
branch  1 never executed
        -:  779:	    if(DEBUG) {
        -:  780:	      printf("No estate cards in your hand, invalid choice\n");
        -:  781:	      printf("Must gain an estate if there are any\n");
        -:  782:	    }
    #####:  783:	    if (supplyCount(estate, state) > 0){
call    0 never executed
branch  1 never executed
branch  2 never executed
    #####:  784:	      gainCard(estate, state, 0, currentPlayer);
call    0 never executed
    #####:  785:	      state->supplyCount[estate]--;//Decrement estates
    #####:  786:	      if (supplyCount(estate, state) == 0){
call    0 never executed
branch  1 never executed
branch  2 never executed
    #####:  787:		isGameOver(state);
call    0 never executed
        -:  788:	      }
        -:  789:	    }
    #####:  790:	    card_not_discarded = 0;//Exit the loop
        -:  791:	  }
        -:  792:			    
        -:  793:	  else{
    #####:  794:	    p++;//Next card
        -:  795:	  }
        -:  796:	}
        -:  797:      }
        -:  798:			    
        -:  799:      else{
    #####:  800:	if (supplyCount(estate, state) > 0){
call    0 never executed
branch  1 never executed
branch  2 never executed
    #####:  801:	  gainCard(estate, state, 0, currentPlayer);//Gain an estate
call    0 never executed
    #####:  802:	  state->supplyCount[estate]--;//Decrement Estates
    #####:  803:	  if (supplyCount(estate, state) == 0){
call    0 never executed
branch  1 never executed
branch  2 never executed
    #####:  804:	    isGameOver(state);
call    0 never executed
        -:  805:	  }
        -:  806:	}
        -:  807:      }
        -:  808:	    
        -:  809:      
    #####:  810:      return 0;
        -:  811:		
        -:  812:    case great_hall:
        -:  813:      //+1 Card
    #####:  814:      drawCard(currentPlayer, state);
call    0 never executed
        -:  815:			
        -:  816:      //+1 Actions
    #####:  817:      state->numActions++;
        -:  818:			
        -:  819:      //discard card from hand
    #####:  820:      discardCard(handPos, currentPlayer, state, 0);
call    0 never executed
    #####:  821:      return 0;
        -:  822:		
        -:  823:    case minion:
        -:  824:      //+1 action
    #####:  825:      state->numActions++;
        -:  826:			
        -:  827:      //discard card from hand
    #####:  828:      discardCard(handPos, currentPlayer, state, 0);
call    0 never executed
        -:  829:			
    #####:  830:      if (choice1)		//+2 coins
branch  0 never executed
branch  1 never executed
        -:  831:	{
    #####:  832:	  state->coins = state->coins + 2;
        -:  833:	}
        -:  834:			
    #####:  835:      else if (choice2)		//discard hand, redraw 4, other players with 5+ cards discard hand and draw 4
branch  0 never executed
branch  1 never executed
        -:  836:	{
        -:  837:	  //discard hand
    #####:  838:	  while(numHandCards(state) > 0)
call    0 never executed
branch  1 never executed
branch  2 never executed
        -:  839:	    {
    #####:  840:	      discardCard(handPos, currentPlayer, state, 0);
call    0 never executed
        -:  841:	    }
        -:  842:				
        -:  843:	  //draw 4
    #####:  844:	  for (i = 0; i < 4; i++)
branch  0 never executed
branch  1 never executed
        -:  845:	    {
    #####:  846:	      drawCard(currentPlayer, state);
call    0 never executed
        -:  847:	    }
        -:  848:				
        -:  849:	  //other players discard hand and redraw if hand size > 4
    #####:  850:	  for (i = 0; i < state->numPlayers; i++)
branch  0 never executed
branch  1 never executed
        -:  851:	    {
    #####:  852:	      if (i != currentPlayer)
branch  0 never executed
branch  1 never executed
        -:  853:		{
    #####:  854:		  if ( state->handCount[i] > 4 )
branch  0 never executed
branch  1 never executed
        -:  855:		    {
        -:  856:		      //discard hand
    #####:  857:		      while( state->handCount[i] > 0 )
branch  0 never executed
branch  1 never executed
        -:  858:			{
    #####:  859:			  discardCard(handPos, i, state, 0);
call    0 never executed
        -:  860:			}
        -:  861:							
        -:  862:		      //draw 4
    #####:  863:		      for (j = 0; j < 4; j++)
branch  0 never executed
branch  1 never executed
        -:  864:			{
    #####:  865:			  drawCard(i, state);
call    0 never executed
        -:  866:			}
        -:  867:		    }
        -:  868:		}
        -:  869:	    }
        -:  870:				
        -:  871:	}
    #####:  872:      return 0;
        -:  873:		
        -:  874:    case steward:
    #####:  875:      if (choice1 == 1)
branch  0 never executed
branch  1 never executed
        -:  876:	{
        -:  877:	  //+2 cards
    #####:  878:	  drawCard(currentPlayer, state);
call    0 never executed
    #####:  879:	  drawCard(currentPlayer, state);
call    0 never executed
        -:  880:	}
    #####:  881:      else if (choice1 == 2)
branch  0 never executed
branch  1 never executed
        -:  882:	{
        -:  883:	  //+2 coins
    #####:  884:	  state->coins = state->coins + 2;
        -:  885:	}
        -:  886:      else
        -:  887:	{
        -:  888:	  //trash 2 cards in hand
    #####:  889:	  discardCard(choice2, currentPlayer, state, 1);
call    0 never executed
    #####:  890:	  discardCard(choice3, currentPlayer, state, 1);
call    0 never executed
        -:  891:	}
        -:  892:			
        -:  893:      //discard card from hand
    #####:  894:      discardCard(handPos, currentPlayer, state, 0);
call    0 never executed
    #####:  895:      return 0;
        -:  896:		
        -:  897:    case tribute:
    #####:  898:      if ((state->discardCount[nextPlayer] + state->deckCount[nextPlayer]) <= 1){
branch  0 never executed
branch  1 never executed
    #####:  899:	if (state->deckCount[nextPlayer] > 0){
branch  0 never executed
branch  1 never executed
    #####:  900:	  tributeRevealedCards[0] = state->deck[nextPlayer][state->deckCount[nextPlayer]-1];
    #####:  901:	  state->deckCount[nextPlayer]--;
        -:  902:	}
    #####:  903:	else if (state->discardCount[nextPlayer] > 0){
branch  0 never executed
branch  1 never executed
    #####:  904:	  tributeRevealedCards[0] = state->discard[nextPlayer][state->discardCount[nextPlayer]-1];
    #####:  905:	  state->discardCount[nextPlayer]--;
        -:  906:	}
        -:  907:	else{
        -:  908:	  //No Card to Reveal
        -:  909:	  if (DEBUG){
        -:  910:	    printf("No cards to reveal\n");
        -:  911:	  }
        -:  912:	}
        -:  913:      }
        -:  914:	    
        -:  915:      else{
    #####:  916:	if (state->deckCount[nextPlayer] == 0){
branch  0 never executed
branch  1 never executed
    #####:  917:	  for (i = 0; i < state->discardCount[nextPlayer]; i++){
branch  0 never executed
branch  1 never executed
    #####:  918:	    state->deck[nextPlayer][i] = state->discard[nextPlayer][i];//Move to deck
    #####:  919:	    state->deckCount[nextPlayer]++;
    #####:  920:	    state->discard[nextPlayer][i] = -1;
    #####:  921:	    state->discardCount[nextPlayer]--;
        -:  922:	  }
        -:  923:			    
    #####:  924:	  shuffle(nextPlayer,state);//Shuffle the deck
call    0 never executed
        -:  925:	} 
    #####:  926:	tributeRevealedCards[0] = state->deck[nextPlayer][state->deckCount[nextPlayer]-1];
    #####:  927:	state->deck[nextPlayer][state->deckCount[nextPlayer]--] = -1;
    #####:  928:	state->deckCount[nextPlayer]--;
    #####:  929:	tributeRevealedCards[1] = state->deck[nextPlayer][state->deckCount[nextPlayer]-1];
    #####:  930:	state->deck[nextPlayer][state->deckCount[nextPlayer]--] = -1;
    #####:  931:	state->deckCount[nextPlayer]--;
        -:  932:      }    
        -:  933:		       
    #####:  934:      if (tributeRevealedCards[0] == tributeRevealedCards[1]){//If we have a duplicate card, just drop one 
branch  0 never executed
branch  1 never executed
    #####:  935:	state->playedCards[state->playedCardCount] = tributeRevealedCards[1];
    #####:  936:	state->playedCardCount++;
    #####:  937:	tributeRevealedCards[1] = -1;
        -:  938:      }
        -:  939:
    #####:  940:      for (i = 0; i <= 2; i ++){
branch  0 never executed
branch  1 never executed
    #####:  941:	if (tributeRevealedCards[i] == copper || tributeRevealedCards[i] == silver || tributeRevealedCards[i] == gold){//Treasure cards
branch  0 never executed
branch  1 never executed
branch  2 never executed
branch  3 never executed
branch  4 never executed
branch  5 never executed
    #####:  942:	  state->coins += 2;
        -:  943:	}
        -:  944:		    
    #####:  945:	else if (tributeRevealedCards[i] == estate || tributeRevealedCards[i] == duchy || tributeRevealedCards[i] == province || tributeRevealedCards[i] == gardens || tributeRevealedCards[i] == great_hall){//Victory Card Found
branch  0 never executed
branch  1 never executed
branch  2 never executed
branch  3 never executed
branch  4 never executed
branch  5 never executed
branch  6 never executed
branch  7 never executed
branch  8 never executed
branch  9 never executed
    #####:  946:	  drawCard(currentPlayer, state);
call    0 never executed
    #####:  947:	  drawCard(currentPlayer, state);
call    0 never executed
        -:  948:	}
        -:  949:	else{//Action Card
    #####:  950:	  state->numActions = state->numActions + 2;
        -:  951:	}
        -:  952:      }
        -:  953:	    
    #####:  954:      return 0;
        -:  955:		
        -:  956:    case ambassador:
    #####:  957:      j = 0;		//used to check if player has enough cards to discard
        -:  958:
    #####:  959:      if (choice2 > 2 || choice2 < 0)
branch  0 never executed
branch  1 never executed
branch  2 never executed
branch  3 never executed
        -:  960:	{
    #####:  961:	  return -1;				
        -:  962:	}
        -:  963:
    #####:  964:      if (choice1 == handPos)
branch  0 never executed
branch  1 never executed
        -:  965:	{
    #####:  966:	  return -1;
        -:  967:	}
        -:  968:
    #####:  969:      for (i = 0; i < state->handCount[currentPlayer]; i++)
branch  0 never executed
branch  1 never executed
        -:  970:	{
    #####:  971:	  if (i != handPos && i == state->hand[currentPlayer][choice1] && i != choice1)
branch  0 never executed
branch  1 never executed
branch  2 never executed
branch  3 never executed
branch  4 never executed
branch  5 never executed
        -:  972:	    {
    #####:  973:	      j++;
        -:  974:	    }
        -:  975:	}
    #####:  976:      if (j < choice2)
branch  0 never executed
branch  1 never executed
        -:  977:	{
    #####:  978:	  return -1;				
        -:  979:	}
        -:  980:
        -:  981:      if (DEBUG) 
        -:  982:	printf("Player %d reveals card number: %d\n", currentPlayer, state->hand[currentPlayer][choice1]);
        -:  983:
        -:  984:      //increase supply count for choosen card by amount being discarded
    #####:  985:      state->supplyCount[state->hand[currentPlayer][choice1]] += choice2;
        -:  986:			
        -:  987:      //each other player gains a copy of revealed card
    #####:  988:      for (i = 0; i < state->numPlayers; i++)
branch  0 never executed
branch  1 never executed
        -:  989:	{
    #####:  990:	  if (i != currentPlayer)
branch  0 never executed
branch  1 never executed
        -:  991:	    {
    #####:  992:	      gainCard(state->hand[currentPlayer][choice1], state, 0, i);
call    0 never executed
        -:  993:	    }
        -:  994:	}
        -:  995:
        -:  996:      //discard played card from hand
    #####:  997:      discardCard(handPos, currentPlayer, state, 0);			
call    0 never executed
        -:  998:
        -:  999:      //trash copies of cards returned to supply
    #####: 1000:      for (j = 0; j < choice2; j++)
branch  0 never executed
branch  1 never executed
        -: 1001:	{
    #####: 1002:	  for (i = 0; i < state->handCount[currentPlayer]; i++)
branch  0 never executed
branch  1 never executed
        -: 1003:	    {
    #####: 1004:	      if (state->hand[currentPlayer][i] == state->hand[currentPlayer][choice1])
branch  0 never executed
branch  1 never executed
        -: 1005:		{
    #####: 1006:		  discardCard(i, currentPlayer, state, 1);
call    0 never executed
    #####: 1007:		  break;
        -: 1008:		}
        -: 1009:	    }
        -: 1010:	}			
        -: 1011:
    #####: 1012:      return 0;
        -: 1013:		
        -: 1014:    case cutpurse:
        -: 1015:
    #####: 1016:      updateCoins(currentPlayer, state, 2);
call    0 never executed
    #####: 1017:      for (i = 0; i < state->numPlayers; i++)
branch  0 never executed
branch  1 never executed
        -: 1018:	{
    #####: 1019:	  if (i != currentPlayer)
branch  0 never executed
branch  1 never executed
        -: 1020:	    {
    #####: 1021:	      for (j = 0; j < state->handCount[i]; j++)
branch  0 never executed
branch  1 never executed
        -: 1022:		{
    #####: 1023:		  if (state->hand[i][j] == copper)
branch  0 never executed
branch  1 never executed
        -: 1024:		    {
    #####: 1025:		      discardCard(j, i, state, 0);
call    0 never executed
    #####: 1026:		      break;
        -: 1027:		    }
    #####: 1028:		  if (j == state->handCount[i])
branch  0 never executed
branch  1 never executed
        -: 1029:		    {
    #####: 1030:		      for (k = 0; k < state->handCount[i]; k++)
branch  0 never executed
branch  1 never executed
        -: 1031:			{
        -: 1032:			  if (DEBUG)
        -: 1033:			    printf("Player %d reveals card number %d\n", i, state->hand[i][k]);
        -: 1034:			}	
    #####: 1035:		      break;
        -: 1036:		    }		
        -: 1037:		}
        -: 1038:					
        -: 1039:	    }
        -: 1040:				
        -: 1041:	}				
        -: 1042:
        -: 1043:      //discard played card from hand
    #####: 1044:      discardCard(handPos, currentPlayer, state, 0);			
call    0 never executed
        -: 1045:
    #####: 1046:      return 0;
        -: 1047:
        -: 1048:		
        -: 1049:    case embargo: 
        -: 1050:      //+2 Coins
    #####: 1051:      state->coins = state->coins + 2;
        -: 1052:			
        -: 1053:      //see if selected pile is in play
    #####: 1054:      if ( state->supplyCount[choice1] == -1 )
branch  0 never executed
branch  1 never executed
        -: 1055:	{
    #####: 1056:	  return -1;
        -: 1057:	}
        -: 1058:			
        -: 1059:      //add embargo token to selected supply pile
    #####: 1060:      state->embargoTokens[choice1]++;
        -: 1061:			
        -: 1062:      //trash card
    #####: 1063:      discardCard(handPos, currentPlayer, state, 1);		
call    0 never executed
    #####: 1064:      return 0;
        -: 1065:		
        -: 1066:    case outpost:
        -: 1067:      //set outpost flag
    #####: 1068:      state->outpostPlayed++;
        -: 1069:			
        -: 1070:      //discard card
    #####: 1071:      discardCard(handPos, currentPlayer, state, 0);
call    0 never executed
    #####: 1072:      return 0;
        -: 1073:		
        -: 1074:    case salvager:
        -: 1075:      //+1 buy
    #####: 1076:      state->numBuys++;
        -: 1077:			
    #####: 1078:      if (choice1)
branch  0 never executed
branch  1 never executed
        -: 1079:	{
        -: 1080:	  //gain coins equal to trashed card
    #####: 1081:	  state->coins = state->coins + getCost( handCard(choice1, state) );
call    0 never executed
call    1 never executed
        -: 1082:	  //trash card
    #####: 1083:	  discardCard(choice1, currentPlayer, state, 1);	
call    0 never executed
        -: 1084:	}
        -: 1085:			
        -: 1086:      //discard card
    #####: 1087:      discardCard(handPos, currentPlayer, state, 0);
call    0 never executed
    #####: 1088:      return 0;
        -: 1089:		
        -: 1090:    case sea_hag:
    #####: 1091:      for (i = 0; i < state->numPlayers; i++){
branch  0 never executed
branch  1 never executed
    #####: 1092:	if (i != currentPlayer){
branch  0 never executed
branch  1 never executed
    #####: 1093:	  state->discard[i][state->discardCount[i]] = state->deck[i][state->deckCount[i]--];			    state->deckCount[i]--;
    #####: 1094:	  state->discardCount[i]++;
    #####: 1095:	  state->deck[i][state->deckCount[i]--] = curse;//Top card now a curse
        -: 1096:	}
        -: 1097:      }
    #####: 1098:      return 0;
        -: 1099:		
        -: 1100:    case treasure_map:
        -: 1101:      //search hand for another treasure_map
    #####: 1102:      index = -1;
    #####: 1103:      for (i = 0; i < state->handCount[currentPlayer]; i++)
branch  0 never executed
branch  1 never executed
        -: 1104:	{
    #####: 1105:	  if (state->hand[currentPlayer][i] == treasure_map && i != handPos)
branch  0 never executed
branch  1 never executed
branch  2 never executed
branch  3 never executed
        -: 1106:	    {
    #####: 1107:	      index = i;
    #####: 1108:	      break;
        -: 1109:	    }
        -: 1110:	}
    #####: 1111:      if (index > -1)
branch  0 never executed
branch  1 never executed
        -: 1112:	{
        -: 1113:	  //trash both treasure cards
    #####: 1114:	  discardCard(handPos, currentPlayer, state, 1);
call    0 never executed
    #####: 1115:	  discardCard(index, currentPlayer, state, 1);
call    0 never executed
        -: 1116:
        -: 1117:	  //gain 4 Gold cards
    #####: 1118:	  for (i = 0; i < 4; i++)
branch  0 never executed
branch  1 never executed
        -: 1119:	    {
    #####: 1120:	      gainCard(gold, state, 1, currentPlayer);
call    0 never executed
        -: 1121:	    }
        -: 1122:				
        -: 1123:	  //return success
    #####: 1124:	  return 1;
        -: 1125:	}
        -: 1126:			
        -: 1127:      //no second treasure_map found in hand
    #####: 1128:      return -1;
        -: 1129:    }
        -: 1130:	
    #####: 1131:  return -1;
        -: 1132:}
        -: 1133:
function discardCard called 90020 returned 100% blocks executed 78%
    90020: 1134:int discardCard(int handPos, int currentPlayer, struct gameState *state, int trashFlag)
        -: 1135:{
        -: 1136:	
        -: 1137:  //if card is not trashed, added to Played pile 
    90020: 1138:  if (trashFlag < 1)
branch  0 taken 0% (fallthrough)
branch  1 taken 100%
        -: 1139:    {
        -: 1140:      //add card to played pile
    #####: 1141:      state->playedCards[state->playedCardCount] = state->hand[currentPlayer][handPos]; 
    #####: 1142:      state->playedCardCount++;
        -: 1143:    }
        -: 1144:	
        -: 1145:  //set played card to -1
    90020: 1146:  state->hand[currentPlayer][handPos] = -1;
        -: 1147:	
        -: 1148:  //remove card from player's hand
    90020: 1149:  if ( handPos == (state->handCount[currentPlayer] - 1) ) 	//last card in hand array is played
branch  0 taken 1% (fallthrough)
branch  1 taken 99%
        -: 1150:    {
        -: 1151:      //reduce number of cards in hand
      156: 1152:      state->handCount[currentPlayer]--;
        -: 1153:    }
    89864: 1154:  else if ( state->handCount[currentPlayer] == 1 ) //only one card in hand
branch  0 taken 0% (fallthrough)
branch  1 taken 100%
        -: 1155:    {
        -: 1156:      //reduce number of cards in hand
    #####: 1157:      state->handCount[currentPlayer]--;
        -: 1158:    }
        -: 1159:  else 	
        -: 1160:    {
        -: 1161:      //replace discarded card with last card in hand
    89864: 1162:      state->hand[currentPlayer][handPos] = state->hand[currentPlayer][ (state->handCount[currentPlayer] - 1)];
        -: 1163:      //set last card to -1
    89864: 1164:      state->hand[currentPlayer][state->handCount[currentPlayer] - 1] = -1;
        -: 1165:      //reduce number of cards in hand
    89864: 1166:      state->handCount[currentPlayer]--;
        -: 1167:    }
        -: 1168:	
    90020: 1169:  return 0;
        -: 1170:}
        -: 1171:
function gainCard called 0 returned 0% blocks executed 0%
    #####: 1172:int gainCard(int supplyPos, struct gameState *state, int toFlag, int player)
        -: 1173:{
        -: 1174:  //Note: supplyPos is enum of choosen card
        -: 1175:	
        -: 1176:  //check if supply pile is empty (0) or card is not used in game (-1)
    #####: 1177:  if ( supplyCount(supplyPos, state) < 1 )
call    0 never executed
branch  1 never executed
branch  2 never executed
        -: 1178:    {
    #####: 1179:      return -1;
        -: 1180:    }
        -: 1181:	
        -: 1182:  //added card for [whoseTurn] current player:
        -: 1183:  // toFlag = 0 : add to discard
        -: 1184:  // toFlag = 1 : add to deck
        -: 1185:  // toFlag = 2 : add to hand
        -: 1186:
    #####: 1187:  if (toFlag == 1)
branch  0 never executed
branch  1 never executed
        -: 1188:    {
    #####: 1189:      state->deck[ player ][ state->deckCount[player] ] = supplyPos;
    #####: 1190:      state->deckCount[player]++;
        -: 1191:    }
    #####: 1192:  else if (toFlag == 2)
branch  0 never executed
branch  1 never executed
        -: 1193:    {
    #####: 1194:      state->hand[ player ][ state->handCount[player] ] = supplyPos;
    #####: 1195:      state->handCount[player]++;
        -: 1196:    }
        -: 1197:  else
        -: 1198:    {
    #####: 1199:      state->discard[player][ state->discardCount[player] ] = supplyPos;
    #####: 1200:      state->discardCount[player]++;
        -: 1201:    }
        -: 1202:	
        -: 1203:  //decrease number in supply pile
    #####: 1204:  state->supplyCount[supplyPos]--;
        -: 1205:	 
    #####: 1206:  return 0;
        -: 1207:}
        -: 1208:
function updateCoins called 0 returned 0% blocks executed 0%
    #####: 1209:int updateCoins(int player, struct gameState *state, int bonus)
        -: 1210:{
        -: 1211:  int i;
        -: 1212:	
        -: 1213:  //reset coin count
    #####: 1214:  state->coins = 0;
        -: 1215:
        -: 1216:  //add coins for each Treasure card in player's hand
    #####: 1217:  for (i = 0; i < state->handCount[player]; i++)
branch  0 never executed
branch  1 never executed
        -: 1218:    {
    #####: 1219:      if (state->hand[player][i] == copper)
branch  0 never executed
branch  1 never executed
        -: 1220:	{
    #####: 1221:	  state->coins += 1;
        -: 1222:	}
    #####: 1223:      else if (state->hand[player][i] == silver)
branch  0 never executed
branch  1 never executed
        -: 1224:	{
    #####: 1225:	  state->coins += 2;
        -: 1226:	}
    #####: 1227:      else if (state->hand[player][i] == gold)
branch  0 never executed
branch  1 never executed
        -: 1228:	{
    #####: 1229:	  state->coins += 3;
        -: 1230:	}	
        -: 1231:    }	
        -: 1232:
        -: 1233:  //add bonus
    #####: 1234:  state->coins += bonus;
        -: 1235:
    #####: 1236:  return 0;
        -: 1237:}
        -: 1238:
function cardEffectSmithy called 62015 returned 100% blocks executed 100%
    62015: 1239:int cardEffectSmithy(int currentPlayer, struct gameState *state, int handPos){
        -: 1240:  //+3 Cards
        -: 1241:  int i;
   248060: 1242:  for (i = 0; i < 3; i++)
branch  0 taken 75%
branch  1 taken 25% (fallthrough)
        -: 1243:    {
   186045: 1244:      drawCard(currentPlayer, state);
call    0 returned 100%
        -: 1245:    }
        -: 1246:    		
        -: 1247:  //discard card from hand
        -: 1248:  // bug #1 forgot to discard card after playing the card
        -: 1249:  // discardCard(handPos, currentPlayer, state, 0);
    62015: 1250:  return 0;
        -: 1251:}
function cardEffectAdventurer called 80020 returned 100% blocks executed 100%
    80020: 1252:int cardEffectAdventurer(int currentPlayer, struct gameState *state, int handPos)
        -: 1253:{
    80020: 1254:  int drawntreasure=0;
    80020: 1255:  int z = 0;// this is the counter for the temp hand
        -: 1256:  int temphand[MAX_HAND];
        -: 1257:  int cardDrawn;
        -: 1258:  // bug #2: change <2 to <=2, draw 3 treasure cards
  2284929: 1259:  while(drawntreasure<=2){
branch  0 taken 96%
branch  1 taken 4% (fallthrough)
  2124889: 1260:    if (state->deckCount[currentPlayer] <1){//if the deck is empty we need to shuffle discard and add to deck
branch  0 taken 1% (fallthrough)
branch  1 taken 99%
    14334: 1261:      shuffle(currentPlayer, state);
call    0 returned 100%
        -: 1262:    }
  2124889: 1263:    drawCard(currentPlayer, state);
call    0 returned 100%
  2124889: 1264:    cardDrawn = state->hand[currentPlayer][state->handCount[currentPlayer]-1];//top card of hand is most recently drawn card.
  2124889: 1265:    if (cardDrawn == copper || cardDrawn == silver || cardDrawn == gold)
branch  0 taken 96% (fallthrough)
branch  1 taken 4%
branch  2 taken 96% (fallthrough)
branch  3 taken 4%
branch  4 taken 4% (fallthrough)
branch  5 taken 96%
   240060: 1266:      drawntreasure++;
        -: 1267:    else{
  1884829: 1268:      temphand[z]=cardDrawn;
  1884829: 1269:      state->handCount[currentPlayer]--; //this should just remove the top card (the most recently drawn one).
  1884829: 1270:      z++;
        -: 1271:    }
        -: 1272:  }
  2044869: 1273:  while(z-1>=0){
branch  0 taken 96%
branch  1 taken 4% (fallthrough)
  1884829: 1274:    state->discard[currentPlayer][state->discardCount[currentPlayer]++]=temphand[z-1]; // discard all cards in play that have been drawn
  1884829: 1275:    z=z-1;
        -: 1276:  }
    80020: 1277:  return 0;
        -: 1278:}
function cardEffectMine called 0 returned 0% blocks executed 0%
    #####: 1279:int cardEffectMine(int currentPlayer, struct gameState *state, int choice1, int choice2, int handPos)
        -: 1280:{
        -: 1281:      int j;
        -: 1282:
    #####: 1283:      j = state->hand[currentPlayer][choice1];  //store card we will trash
        -: 1284:
    #####: 1285:      if (state->hand[currentPlayer][choice1] < copper || state->hand[currentPlayer][choice1] > gold)
branch  0 never executed
branch  1 never executed
branch  2 never executed
branch  3 never executed
        -: 1286:	{
    #####: 1287:	  return -1;
        -: 1288:	}
        -: 1289:		
    #####: 1290:      if (choice2 > treasure_map || choice2 < curse)
branch  0 never executed
branch  1 never executed
branch  2 never executed
branch  3 never executed
        -: 1291:	{
    #####: 1292:	  return -1;
        -: 1293:	}
        -: 1294:
    #####: 1295:      if ( (getCost(state->hand[currentPlayer][choice1]) + 3) > getCost(choice2) )
call    0 never executed
call    1 never executed
branch  2 never executed
branch  3 never executed
        -: 1296:	{
    #####: 1297:	  return -1;
        -: 1298:	}
        -: 1299:
        -: 1300:      //Bug #3: change the toFlag from 2 to 3
    #####: 1301:      gainCard(choice2, state, 3, currentPlayer);
call    0 never executed
        -: 1302:
        -: 1303:      //discard card from hand
    #####: 1304:      discardCard(handPos, currentPlayer, state, 0);
call    0 never executed
        -: 1305:
        -: 1306:      //discard trashed card
        -: 1307:      int i;
    #####: 1308:      for (i = 0; i < state->handCount[currentPlayer]; i++)
branch  0 never executed
branch  1 never executed
        -: 1309:	{
    #####: 1310:	  if (state->hand[currentPlayer][i] == j)
branch  0 never executed
branch  1 never executed
        -: 1311:	    {
    #####: 1312:	      discardCard(i, currentPlayer, state, 0);			
call    0 never executed
    #####: 1313:	      break;
        -: 1314:	    }
        -: 1315:	}
    #####: 1316:      return 0;
        -: 1317:}
function cardEffectVillage called 90020 returned 100% blocks executed 100%
    90020: 1318:int cardEffectVillage(int currentPlayer, struct gameState *state, int handPos)
        -: 1319:{
        -: 1320:      //+1 Card
    90020: 1321:      drawCard(currentPlayer, state);
call    0 returned 100%
        -: 1322:			
        -: 1323:      //+2 Actions
    90020: 1324:      state->numActions = state->numActions + 2;
        -: 1325:			
        -: 1326:      // bug #4: trash the card instead of discard the card
        -: 1327:      //discard played card from hand
    90020: 1328:      discardCard(handPos, currentPlayer, state, 1);
call    0 returned 100%
    90020: 1329:      return 0;
        -: 1330:
        -: 1331:}
function cardEffectRemodel called 0 returned 0% blocks executed 0%
    #####: 1332:int cardEffectRemodel(int currentPlayer, struct gameState *state, int choice1, int choice2, int handPos)
        -: 1333:{
        -: 1334:      int j;
        -: 1335:      // bug #5: swap choice1 with choice2
    #####: 1336:      j = state->hand[currentPlayer][choice2];  //store card we will trash
        -: 1337:
    #####: 1338:      if ( (getCost(state->hand[currentPlayer][choice2]) + 2) > getCost(choice1) )
call    0 never executed
call    1 never executed
branch  2 never executed
branch  3 never executed
        -: 1339:	{
    #####: 1340:	  return -1;
        -: 1341:	}
        -: 1342:
    #####: 1343:      gainCard(choice1, state, 0, currentPlayer);
call    0 never executed
        -: 1344:
        -: 1345:      //discard card from hand
    #####: 1346:      discardCard(handPos, currentPlayer, state, 0);
call    0 never executed
        -: 1347:
        -: 1348:      //discard trashed card
        -: 1349:      int i;
    #####: 1350:      for (i = 0; i < state->handCount[currentPlayer]; i++)
branch  0 never executed
branch  1 never executed
        -: 1351:	{
    #####: 1352:	  if (state->hand[currentPlayer][i] == j)
branch  0 never executed
branch  1 never executed
        -: 1353:	    {
    #####: 1354:	      discardCard(i, currentPlayer, state, 0);			
call    0 never executed
    #####: 1355:	      break;
        -: 1356:	    }
        -: 1357:	}
        -: 1358:
        -: 1359:
    #####: 1360:      return 0;
        -: 1361:}
        -: 1362://end of dominion.c
        -: 1363:
